2025-08-20 13:01:21,528 - IBClient - INFO - ✅ Connected to IB Gateway
2025-08-20 13:01:36,827 - DataHandler - INFO - Saved option historical data for AAPL (conId=796805148) with 0 rows → data/AAPL_OPT_796805148.csv
2025-08-20 13:03:08,734 - IBClient - INFO - ✅ Connected to IB Gateway
2025-08-20 13:04:47,368 - IBClient - INFO - ✅ Connected to IB Gateway
2025-08-20 13:04:55,748 - DataHandler - INFO - ✅ Selected CSP: AAPL 20250822 P 227.5 @ None (IV=nan)
2025-08-20 13:10:57,492 - IBClient - INFO - ✅ Connected to IB Gateway
2025-08-20 13:12:00,840 - IBClient - INFO - ✅ Connected to IB Gateway
2025-08-20 13:12:12,145 - DataHandler - INFO - ✅ Selected CSP: AAPL 20250822 P 230.0 @ None (IV=nan)
2025-08-20 13:21:33,172 - IBClient - INFO - ✅ Connected to IB Gateway
2025-08-20 13:21:42,126 - DataHandler - INFO - ✅ Selected CSP: AAPL 20250822 P 230.0 @ None (IV=nan)
2025-08-20 13:24:22,765 - IBClient - INFO - ✅ Connected to IB Gateway
2025-08-20 13:24:32,050 - DataHandler - INFO - ✅ Selected CSP: AAPL 20250822 P 230.0 @ None (IV=nan)
2025-08-20 13:25:53,592 - IBClient - INFO - ✅ Connected to IB Gateway
2025-08-20 13:25:59,208 - DataHandler - INFO - ✅ Selected CSP: AAPL 20250822 P 230.0 @ None (IV=nan)
2025-08-20 13:29:25,718 - IBClient - INFO - ✅ Connected to IB Gateway
2025-08-20 13:29:36,012 - DataHandler - INFO - ✅ Selected CSP: AAPL 20250822 P 230.0 @ None (IV=nan)
2025-08-20 13:33:52,698 - IBClient - INFO - ✅ Connected to IB Gateway
2025-08-20 13:34:13,445 - IBClient - INFO - ✅ Connected to IB Gateway
2025-08-20 13:34:55,264 - IBClient - INFO - ✅ Connected to IB Gateway
2025-08-20 13:43:55,877 - IBClient - INFO - ✅ Connected to IB Gateway
2025-08-20 14:01:12,421 - TradeManager - INFO - Placed SELL LMT order: AAPL 20250822 230.0 P qty=1 @ 1.0 (orderId=1491)
2025-08-20 14:01:17,554 - TradeManager - INFO - Cancelled orderId=1491 after 5s (not filled).
2025-08-20 14:04:15,107 - TradeManager - INFO - Placed SELL LMT order: AAPL 20250822 230.0 P qty=1 @ 1.0 (orderId=1495)
2025-08-20 14:04:20,157 - TradeManager - INFO - Cancelled orderId=1495 after 5s (not filled).
2025-08-20 20:25:50,645 - TradeManager - INFO - Placed SELL LMT order: AAPL 20250822 230.0 P qty=1 @ 1.0 (orderId=1499)
2025-08-20 20:25:55,755 - TradeManager - INFO - Cancelled orderId=1499 after 5s (not filled).
2025-08-20 20:27:06,406 - DataHandler - INFO - ✅ Selected CSP: AAPL 20250822 P 230.0 @ None (IV=nan)
2025-08-20 20:27:07,329 - TradeManager - INFO - Placed SELL LMT order: AAPL 20250822 230.0 P qty=1 @ 3.825 (orderId=1550)
2025-08-20 20:27:12,898 - TradeManager - INFO - Cancelled orderId=1550 after 5s (not filled).
2025-08-20 20:27:44,825 - TradeManager - INFO - Placed SELL LMT order: AAPL 20250822 230.0 P qty=1 @ 1.0 (orderId=1554)
2025-08-20 20:27:49,877 - TradeManager - INFO - Cancelled orderId=1554 after 5s (not filled).
2025-08-20 20:32:43,309 - TradeManager - INFO - Placed SELL LMT order: AAPL 20250823 230.0 P qty=1 @ 1.0 (orderId=1558)
2025-08-20 20:37:49,069 - TradeManager - INFO - Placed SELL LMT order: AAPL 20250823 230.0 P qty=1 @ 1.025 (orderId=1562)
2025-08-20 20:37:54,120 - TradeManager - INFO - Cancelled orderId=1562 after 5s (not filled).
2025-08-20 20:48:34,033 - TradeManager - INFO - Placed SELL LMT order: AAPL 20250823 230.0 P qty=1 @ 1.025 (orderId=1566)
2025-08-20 20:48:39,091 - TradeManager - INFO - Cancelled orderId=1566 after 5s (not filled).
2025-08-20 20:51:59,212 - TradeManager - ERROR - Failed to qualify contract AAPL 20250822 230.0 P: No qualified contract returned
2025-08-20 20:59:06,843 - TradeManager - INFO - Placed SELL LMT order: AAPL 20250823 230.0 P qty=1 @ 1.025 (orderId=1571)
2025-08-20 20:59:11,876 - TradeManager - INFO - Cancelled orderId=1571 after 5s (not filled).
2025-08-20 21:26:37,681 - TradeManager - INFO - Placed SELL LMT order: AAPL 20250823 230.0 P qty=1 @ 1.025 (orderId=1576)
2025-08-20 21:26:42,740 - TradeManager - INFO - Cancelled orderId=1576 after 5s (not filled).
2025-08-20 21:27:30,724 - TradeManager - INFO - Placed SELL LMT order: AAPL 20250823 230.0 P qty=1 @ 1.025 (orderId=1581)
2025-08-20 21:27:35,772 - TradeManager - INFO - Cancelled orderId=1581 after 5s (not filled).
2025-08-20 21:28:26,828 - TradeManager - INFO - Placed SELL LMT order: AAPL 20250823 230.0 P qty=1 @ 1.025 (orderId=1586)
